2025-12-09 10:56:23,934 INFO o.a.j.u.JMeterUtils: Setting Locale to en_EN
2025-12-09 10:56:23,958 INFO o.a.j.JMeter: Loading user properties from: C:\apache-jmeter-5.6.3\bin\user.properties
2025-12-09 10:56:23,958 INFO o.a.j.JMeter: Loading system properties from: C:\apache-jmeter-5.6.3\bin\system.properties
2025-12-09 10:56:23,966 INFO o.a.j.JMeter: Copyright (c) 1998-2024 The Apache Software Foundation
2025-12-09 10:56:23,966 INFO o.a.j.JMeter: Version 5.6.3
2025-12-09 10:56:23,966 INFO o.a.j.JMeter: java.version=25
2025-12-09 10:56:23,966 INFO o.a.j.JMeter: java.vm.name=Java HotSpot(TM) 64-Bit Server VM
2025-12-09 10:56:23,966 INFO o.a.j.JMeter: os.name=Windows 10
2025-12-09 10:56:23,966 INFO o.a.j.JMeter: os.arch=amd64
2025-12-09 10:56:23,966 INFO o.a.j.JMeter: os.version=10.0
2025-12-09 10:56:23,966 INFO o.a.j.JMeter: file.encoding=UTF-8
2025-12-09 10:56:23,966 INFO o.a.j.JMeter: java.awt.headless=true
2025-12-09 10:56:23,967 INFO o.a.j.JMeter: Max memory     =1073741824
2025-12-09 10:56:23,967 INFO o.a.j.JMeter: Available Processors =4
2025-12-09 10:56:23,986 INFO o.a.j.JMeter: Default Locale=English (EN)
2025-12-09 10:56:23,987 INFO o.a.j.JMeter: JMeter  Locale=English (EN)
2025-12-09 10:56:23,987 INFO o.a.j.JMeter: JMeterHome=C:\apache-jmeter-5.6.3
2025-12-09 10:56:23,987 INFO o.a.j.JMeter: user.dir  =C:\Users\Administrator\Desktop\JMeter\Jmeter Project\Question 2
2025-12-09 10:56:23,988 INFO o.a.j.JMeter: PWD       =C:\Users\Administrator\Desktop\JMeter\Jmeter Project\Question 2
2025-12-09 10:56:23,991 INFO o.a.j.JMeter: IP: 172.19.37.203 Name: 31cb147f963253c FullName: 172.19.37.203
2025-12-09 10:56:24,003 INFO o.a.j.JMeter: Setting property 'jmeter.reportgenerator.outputdir' to:'C:\Users\Administrator\Desktop\JMeter\Jmeter Project\Question 2\report'
2025-12-09 10:56:24,008 INFO o.a.j.s.FileServer: Default base='C:\Users\Administrator\Desktop\JMeter\Jmeter Project\Question 2'
2025-12-09 10:56:24,009 INFO o.a.j.s.FileServer: Set new base='C:\Users\Administrator\Desktop\JMeter\Jmeter Project\Question 2'
2025-12-09 10:56:24,364 INFO o.a.j.s.SaveService: Testplan (JMX) version: 2.2. Testlog (JTL) version: 2.2
2025-12-09 10:56:24,390 INFO o.a.j.s.SaveService: Using SaveService properties version 5.0
2025-12-09 10:56:24,394 INFO o.a.j.s.SaveService: Using SaveService properties file encoding UTF-8
2025-12-09 10:56:24,397 INFO o.a.j.s.SaveService: Loading file: vehicle-insurance-application-jdbc.jmx
2025-12-09 10:56:24,493 INFO o.a.j.JMeter: Creating summariser <summary>
2025-12-09 10:56:24,497 INFO o.a.j.r.d.ReportGenerator: ReportGenerator will use for Parsing the separator: ','
2025-12-09 10:56:24,497 INFO o.a.j.r.d.ReportGenerator: Will generate report at end of test from  results file: resultq2.jtl
2025-12-09 10:56:24,498 INFO o.a.j.r.d.ReportGenerator: Reading report generator properties from: C:\apache-jmeter-5.6.3\bin\reportgenerator.properties
2025-12-09 10:56:24,513 INFO o.a.j.r.d.ReportGenerator: Merging with JMeter properties
2025-12-09 10:56:24,518 INFO o.a.j.r.c.ReportGeneratorConfiguration: Property 'jmeter.reportgenerator.temp_dir' not found, using default value 'temp' instead.
2025-12-09 10:56:24,521 INFO o.a.j.r.c.ReportGeneratorConfiguration: Property 'jmeter.reportgenerator.apdex_per_transaction' not found, using default value 'null' instead.
2025-12-09 10:56:24,527 INFO o.a.j.r.c.ReportGeneratorConfiguration: apdex_per_transaction is empty, not APDEX per transaction customization
2025-12-09 10:56:24,527 INFO o.a.j.r.c.ReportGeneratorConfiguration: Property 'jmeter.reportgenerator.sample_filter' not found, using default value 'null' instead.
2025-12-09 10:56:24,527 INFO o.a.j.r.c.ReportGeneratorConfiguration: Property 'jmeter.reportgenerator.report_title' not found, using default value 'null' instead.
2025-12-09 10:56:24,527 INFO o.a.j.r.c.ReportGeneratorConfiguration: Property 'jmeter.reportgenerator.start_date' not found, using default value 'null' instead.
2025-12-09 10:56:24,527 INFO o.a.j.r.c.ReportGeneratorConfiguration: Property 'jmeter.reportgenerator.end_date' not found, using default value 'null' instead.
2025-12-09 10:56:24,528 INFO o.a.j.r.c.ReportGeneratorConfiguration: Property 'jmeter.reportgenerator.date_format' not found, using default value 'null' instead.
2025-12-09 10:56:24,528 INFO o.a.j.r.c.ReportGeneratorConfiguration: Will use date range start date: null, end date: null
2025-12-09 10:56:24,532 INFO o.a.j.r.c.ReportGeneratorConfiguration: Property 'jmeter.reportgenerator.graph.totalTPS.exclude_controllers' not found, using default value 'false' instead.
2025-12-09 10:56:24,532 INFO o.a.j.r.c.ReportGeneratorConfiguration: Property 'jmeter.reportgenerator.graph.activeThreadsOverTime.exclude_controllers' not found, using default value 'false' instead.
2025-12-09 10:56:24,532 INFO o.a.j.r.c.ReportGeneratorConfiguration: Property 'jmeter.reportgenerator.graph.timeVsThreads.exclude_controllers' not found, using default value 'false' instead.
2025-12-09 10:56:24,533 INFO o.a.j.r.c.ReportGeneratorConfiguration: Property 'jmeter.reportgenerator.graph.responseTimeDistribution.exclude_controllers' not found, using default value 'false' instead.
2025-12-09 10:56:24,533 INFO o.a.j.r.c.ReportGeneratorConfiguration: Property 'jmeter.reportgenerator.graph.transactionsPerSecond.exclude_controllers' not found, using default value 'false' instead.
2025-12-09 10:56:24,533 INFO o.a.j.r.c.ReportGeneratorConfiguration: Property 'jmeter.reportgenerator.graph.responseTimePercentiles.exclude_controllers' not found, using default value 'false' instead.
2025-12-09 10:56:24,533 INFO o.a.j.r.c.ReportGeneratorConfiguration: Property 'jmeter.reportgenerator.graph.responseTimePercentilesOverTime.exclude_controllers' not found, using default value 'false' instead.
2025-12-09 10:56:24,533 INFO o.a.j.r.c.ReportGeneratorConfiguration: Property 'jmeter.reportgenerator.graph.responseTimesOverTime.exclude_controllers' not found, using default value 'false' instead.
2025-12-09 10:56:24,534 INFO o.a.j.r.c.ReportGeneratorConfiguration: Property 'jmeter.reportgenerator.graph.connectTimeOverTime.exclude_controllers' not found, using default value 'false' instead.
2025-12-09 10:56:24,534 INFO o.a.j.r.c.ReportGeneratorConfiguration: Property 'jmeter.reportgenerator.graph.latenciesOverTime.exclude_controllers' not found, using default value 'false' instead.
2025-12-09 10:56:24,535 INFO o.a.j.r.c.ReportGeneratorConfiguration: Property 'jmeter.reportgenerator.exporter.json.filters_only_sample_series' not found, using default value 'true' instead.
2025-12-09 10:56:24,535 INFO o.a.j.r.c.ReportGeneratorConfiguration: Property 'jmeter.reportgenerator.exporter.json.series_filter' not found, using default value '' instead.
2025-12-09 10:56:24,535 INFO o.a.j.r.c.ReportGeneratorConfiguration: Property 'jmeter.reportgenerator.exporter.json.show_controllers_only' not found, using default value 'false' instead.
2025-12-09 10:56:24,536 INFO o.a.j.r.c.ReportGeneratorConfiguration: Property 'jmeter.reportgenerator.exporter.html.filters_only_sample_series' not found, using default value 'true' instead.
2025-12-09 10:56:24,536 INFO o.a.j.r.c.ReportGeneratorConfiguration: Property 'jmeter.reportgenerator.exporter.html.series_filter' not found, using default value '' instead.
2025-12-09 10:56:24,536 INFO o.a.j.r.c.ReportGeneratorConfiguration: Property 'jmeter.reportgenerator.exporter.html.show_controllers_only' not found, using default value 'false' instead.
2025-12-09 10:56:24,549 INFO o.a.j.e.StandardJMeterEngine: Running the test!
2025-12-09 10:56:24,549 INFO o.a.j.s.SampleEvent: List of sample_variables: []
2025-12-09 10:56:24,550 INFO o.a.j.s.SampleEvent: List of sample_variables: []
2025-12-09 10:56:24,556 INFO o.a.j.e.u.CompoundVariable: Note: Function class names must contain the string: '.functions.'
2025-12-09 10:56:24,556 INFO o.a.j.e.u.CompoundVariable: Note: Function class names must not contain the string: '.gui.'
2025-12-09 10:56:24,624 INFO o.a.j.r.ClassFinder: Will scan jar C:\apache-jmeter-5.6.3\lib\ext\jmeter-plugins-webdriver-4.13.0.2.jar with filter ExtendsClassFilter [parents=[interface org.apache.jmeter.functions.Function], inner=false, contains=null, notContains=null]. Consider exposing JMeter plugins via META-INF/services, and add JMeter-Skip-Class-Scanning=true manifest attribute so JMeter can skip classfile scanning
2025-12-09 10:56:24,639 INFO o.a.j.r.ClassFinder: Will scan jar C:\apache-jmeter-5.6.3\lib\ext\jmeter-plugins-perfmon-2.1.jar with filter ExtendsClassFilter [parents=[interface org.apache.jmeter.functions.Function], inner=false, contains=null, notContains=null]. Consider exposing JMeter plugins via META-INF/services, and add JMeter-Skip-Class-Scanning=true manifest attribute so JMeter can skip classfile scanning
2025-12-09 10:56:24,645 INFO o.a.j.r.ClassFinder: Will scan jar C:\apache-jmeter-5.6.3\lib\ext\jmeter-plugins-manager-1.11.jar with filter ExtendsClassFilter [parents=[interface org.apache.jmeter.functions.Function], inner=false, contains=null, notContains=null]. Consider exposing JMeter plugins via META-INF/services, and add JMeter-Skip-Class-Scanning=true manifest attribute so JMeter can skip classfile scanning
2025-12-09 10:56:24,751 INFO o.a.j.r.ClassFinder: Will scan jar C:\apache-jmeter-5.6.3\lib\ext\jmeter-plugins-casutg-3.1.1.jar with filter ExtendsClassFilter [parents=[interface org.apache.jmeter.functions.Function], inner=false, contains=null, notContains=null]. Consider exposing JMeter plugins via META-INF/services, and add JMeter-Skip-Class-Scanning=true manifest attribute so JMeter can skip classfile scanning
2025-12-09 10:56:24,819 INFO o.a.j.JMeter: Running test (1765257984819)
2025-12-09 10:56:24,840 INFO o.a.j.e.StandardJMeterEngine: Starting ThreadGroup: 1 : Response time
2025-12-09 10:56:24,841 INFO o.a.j.e.StandardJMeterEngine: Starting 10 threads for group Response time.
2025-12-09 10:56:24,841 INFO o.a.j.e.StandardJMeterEngine: Thread will continue on error
2025-12-09 10:56:24,841 INFO o.a.j.t.ThreadGroup: Starting thread group... number=1 threads=10 ramp-up=1 delayedStart=false
2025-12-09 10:56:24,846 INFO o.a.j.t.ThreadGroup: Started thread group number 1
2025-12-09 10:56:24,846 INFO o.a.j.e.StandardJMeterEngine: Starting ThreadGroup: 2 : Throughput
2025-12-09 10:56:24,846 INFO o.a.j.e.StandardJMeterEngine: Starting 20 threads for group Throughput.
2025-12-09 10:56:24,847 INFO o.a.j.e.StandardJMeterEngine: Thread will continue on error
2025-12-09 10:56:24,847 INFO o.a.j.t.ThreadGroup: Starting thread group... number=2 threads=20 ramp-up=1 delayedStart=false
2025-12-09 10:56:24,847 INFO o.a.j.t.JMeterThread: Thread started: Response time 1-1
2025-12-09 10:56:24,851 INFO o.a.j.t.JMeterThread: Thread started: Throughput 2-1
2025-12-09 10:56:24,852 INFO o.a.j.t.ThreadGroup: Started thread group number 2
2025-12-09 10:56:24,852 INFO o.a.j.e.StandardJMeterEngine: Starting ThreadGroup: 3 : Scalability
2025-12-09 10:56:24,852 INFO o.a.j.e.StandardJMeterEngine: Starting 100 threads for group Scalability.
2025-12-09 10:56:24,852 INFO o.a.j.e.StandardJMeterEngine: Thread will continue on error
2025-12-09 10:56:24,852 INFO k.a.j.t.AbstractSimpleThreadGroup: Starting thread group number 3 threads 100
2025-12-09 10:56:24,853 INFO o.a.j.t.JMeterThread: Thread started: Scalability 3-1
2025-12-09 10:56:24,874 INFO k.a.j.t.AbstractSimpleThreadGroup: Started thread group number 3
2025-12-09 10:56:24,874 INFO o.a.j.e.StandardJMeterEngine: All thread groups have been started
2025-12-09 10:56:24,875 INFO o.a.j.t.JMeterThread: Thread started: Scalability 3-2
2025-12-09 10:56:24,893 INFO o.a.j.t.JMeterThread: Thread started: Scalability 3-3
2025-12-09 10:56:24,902 INFO o.a.j.t.JMeterThread: Thread started: Throughput 2-2
2025-12-09 10:56:24,913 INFO o.a.j.t.JMeterThread: Thread started: Scalability 3-4
2025-12-09 10:56:24,933 INFO o.a.j.t.JMeterThread: Thread started: Scalability 3-5
2025-12-09 10:56:24,944 INFO o.a.j.t.JMeterThread: Thread started: Response time 1-2
2025-12-09 10:56:24,953 INFO o.a.j.t.JMeterThread: Thread started: Throughput 2-3
2025-12-09 10:56:24,953 INFO o.a.j.t.JMeterThread: Thread started: Scalability 3-6
2025-12-09 10:56:24,974 INFO o.a.j.t.JMeterThread: Thread started: Scalability 3-7
2025-12-09 10:56:24,993 INFO o.a.j.t.JMeterThread: Thread started: Scalability 3-8
2025-12-09 10:56:25,001 INFO o.a.j.t.JMeterThread: Thread started: Throughput 2-4
2025-12-09 10:56:25,013 INFO o.a.j.t.JMeterThread: Thread started: Scalability 3-9
2025-12-09 10:56:25,033 INFO o.a.j.t.JMeterThread: Thread started: Scalability 3-10
2025-12-09 10:56:25,044 INFO o.a.j.t.JMeterThread: Thread started: Response time 1-3
2025-12-09 10:56:25,051 INFO o.a.j.t.JMeterThread: Thread started: Throughput 2-5
2025-12-09 10:56:25,052 INFO o.a.j.t.JMeterThread: Thread started: Scalability 3-11
2025-12-09 10:56:25,073 INFO o.a.j.t.JMeterThread: Thread started: Scalability 3-12
2025-12-09 10:56:25,093 INFO o.a.j.t.JMeterThread: Thread started: Scalability 3-13
2025-12-09 10:56:25,102 INFO o.a.j.t.JMeterThread: Thread started: Throughput 2-6
2025-12-09 10:56:25,113 INFO o.a.j.t.JMeterThread: Thread started: Scalability 3-14
2025-12-09 10:56:25,133 INFO o.a.j.t.JMeterThread: Thread started: Scalability 3-15
2025-12-09 10:56:25,144 INFO o.a.j.t.JMeterThread: Thread started: Response time 1-4
2025-12-09 10:56:25,151 INFO o.a.j.t.JMeterThread: Thread started: Throughput 2-7
2025-12-09 10:56:25,153 INFO o.a.j.t.JMeterThread: Thread started: Scalability 3-16
2025-12-09 10:56:25,173 INFO o.a.j.t.JMeterThread: Thread started: Scalability 3-17
2025-12-09 10:56:25,194 INFO o.a.j.t.JMeterThread: Thread started: Scalability 3-18
2025-12-09 10:56:25,202 INFO o.a.j.t.JMeterThread: Thread started: Throughput 2-8
2025-12-09 10:56:25,213 INFO o.a.j.t.JMeterThread: Thread started: Scalability 3-19
2025-12-09 10:56:25,234 INFO o.a.j.t.JMeterThread: Thread started: Scalability 3-20
2025-12-09 10:56:25,243 INFO o.a.j.t.JMeterThread: Thread started: Response time 1-5
2025-12-09 10:56:25,251 INFO o.a.j.t.JMeterThread: Thread started: Throughput 2-9
2025-12-09 10:56:25,254 INFO o.a.j.t.JMeterThread: Thread started: Scalability 3-21
2025-12-09 10:56:25,274 INFO o.a.j.t.JMeterThread: Thread started: Scalability 3-22
2025-12-09 10:56:25,292 INFO o.a.j.t.JMeterThread: Thread started: Scalability 3-23
2025-12-09 10:56:25,299 INFO o.a.j.t.JMeterThread: Thread started: Throughput 2-10
2025-12-09 10:56:25,313 INFO o.a.j.t.JMeterThread: Thread started: Scalability 3-24
2025-12-09 10:56:25,333 INFO o.a.j.t.JMeterThread: Thread started: Scalability 3-25
2025-12-09 10:56:25,350 INFO o.a.j.t.JMeterThread: Thread started: Response time 1-6
2025-12-09 10:56:25,351 INFO o.a.j.t.JMeterThread: Thread started: Throughput 2-11
2025-12-09 10:56:25,354 INFO o.a.j.t.JMeterThread: Thread started: Scalability 3-26
2025-12-09 10:56:25,374 INFO o.a.j.t.JMeterThread: Thread started: Scalability 3-27
2025-12-09 10:56:25,393 INFO o.a.j.t.JMeterThread: Thread started: Scalability 3-28
2025-12-09 10:56:25,400 INFO o.a.j.t.JMeterThread: Thread started: Throughput 2-12
2025-12-09 10:56:25,414 INFO o.a.j.t.JMeterThread: Thread started: Scalability 3-29
2025-12-09 10:56:25,433 INFO o.a.j.t.JMeterThread: Thread started: Scalability 3-30
2025-12-09 10:56:25,447 INFO o.a.j.t.JMeterThread: Thread started: Response time 1-7
2025-12-09 10:56:25,450 INFO o.a.j.t.JMeterThread: Thread started: Throughput 2-13
2025-12-09 10:56:25,453 INFO o.a.j.t.JMeterThread: Thread started: Scalability 3-31
2025-12-09 10:56:25,473 INFO o.a.j.t.JMeterThread: Thread started: Scalability 3-32
2025-12-09 10:56:25,493 INFO o.a.j.t.JMeterThread: Thread started: Scalability 3-33
2025-12-09 10:56:25,500 INFO o.a.j.t.JMeterThread: Thread started: Throughput 2-14
2025-12-09 10:56:25,513 INFO o.a.j.t.JMeterThread: Thread started: Scalability 3-34
2025-12-09 10:56:25,533 INFO o.a.j.t.JMeterThread: Thread started: Scalability 3-35
2025-12-09 10:56:25,548 INFO o.a.j.t.JMeterThread: Thread started: Response time 1-8
2025-12-09 10:56:25,551 INFO o.a.j.t.JMeterThread: Thread started: Throughput 2-15
2025-12-09 10:56:25,553 INFO o.a.j.t.JMeterThread: Thread started: Scalability 3-36
2025-12-09 10:56:25,574 INFO o.a.j.t.JMeterThread: Thread started: Scalability 3-37
2025-12-09 10:56:25,594 INFO o.a.j.t.JMeterThread: Thread started: Scalability 3-38
2025-12-09 10:56:25,600 INFO o.a.j.t.JMeterThread: Thread started: Throughput 2-16
2025-12-09 10:56:25,613 INFO o.a.j.t.JMeterThread: Thread started: Scalability 3-39
2025-12-09 10:56:25,634 INFO o.a.j.t.JMeterThread: Thread started: Scalability 3-40
2025-12-09 10:56:25,646 INFO o.a.j.t.JMeterThread: Thread started: Response time 1-9
2025-12-09 10:56:25,650 INFO o.a.j.t.JMeterThread: Thread started: Throughput 2-17
2025-12-09 10:56:25,654 INFO o.a.j.t.JMeterThread: Thread started: Scalability 3-41
2025-12-09 10:56:25,673 INFO o.a.j.t.JMeterThread: Thread started: Scalability 3-42
2025-12-09 10:56:25,693 INFO o.a.j.t.JMeterThread: Thread started: Scalability 3-43
2025-12-09 10:56:25,701 INFO o.a.j.t.JMeterThread: Thread started: Throughput 2-18
2025-12-09 10:56:25,713 INFO o.a.j.t.JMeterThread: Thread started: Scalability 3-44
2025-12-09 10:56:25,734 INFO o.a.j.t.JMeterThread: Thread started: Scalability 3-45
2025-12-09 10:56:25,747 INFO o.a.j.t.JMeterThread: Thread started: Response time 1-10
2025-12-09 10:56:25,752 INFO o.a.j.t.JMeterThread: Thread started: Throughput 2-19
2025-12-09 10:56:25,755 INFO o.a.j.t.JMeterThread: Thread started: Scalability 3-46
2025-12-09 10:56:25,773 INFO o.a.j.t.JMeterThread: Thread started: Scalability 3-47
2025-12-09 10:56:25,794 INFO o.a.j.t.JMeterThread: Thread started: Scalability 3-48
2025-12-09 10:56:25,801 INFO o.a.j.t.JMeterThread: Thread started: Throughput 2-20
2025-12-09 10:56:25,812 INFO o.a.j.t.JMeterThread: Thread started: Scalability 3-49
2025-12-09 10:56:25,833 INFO o.a.j.t.JMeterThread: Thread started: Scalability 3-50
2025-12-09 10:56:26,871 INFO o.a.j.s.SampleResult: Note: Sample TimeStamps are START times
2025-12-09 10:56:26,871 INFO o.a.j.s.SampleResult: sampleresult.default.encoding is set to UTF-8
2025-12-09 10:56:26,871 INFO o.a.j.s.SampleResult: sampleresult.useNanoTime=true
2025-12-09 10:56:26,871 INFO o.a.j.s.SampleResult: sampleresult.nanoThreadSleep=5000
2025-12-09 10:56:28,174 INFO o.a.j.t.JMeterThread: Thread is done: Response time 1-6
2025-12-09 10:56:28,174 INFO o.a.j.t.JMeterThread: Thread finished: Response time 1-6
2025-12-09 10:56:28,186 INFO o.a.j.t.JMeterThread: Thread is done: Response time 1-2
2025-12-09 10:56:28,186 INFO o.a.j.t.JMeterThread: Thread finished: Response time 1-2
2025-12-09 10:56:28,189 INFO o.a.j.t.JMeterThread: Thread is done: Response time 1-1
2025-12-09 10:56:28,189 INFO o.a.j.t.JMeterThread: Thread finished: Response time 1-1
2025-12-09 10:56:28,190 INFO o.a.j.t.JMeterThread: Thread is done: Response time 1-4
2025-12-09 10:56:28,190 INFO o.a.j.t.JMeterThread: Thread finished: Response time 1-4
2025-12-09 10:56:28,194 INFO o.a.j.t.JMeterThread: Thread is done: Response time 1-5
2025-12-09 10:56:28,194 INFO o.a.j.t.JMeterThread: Thread finished: Response time 1-5
2025-12-09 10:56:28,204 INFO o.a.j.t.JMeterThread: Thread is done: Response time 1-3
2025-12-09 10:56:28,204 INFO o.a.j.t.JMeterThread: Thread finished: Response time 1-3
2025-12-09 10:56:28,306 INFO o.a.j.t.JMeterThread: Thread is done: Response time 1-7
2025-12-09 10:56:28,306 INFO o.a.j.t.JMeterThread: Thread finished: Response time 1-7
2025-12-09 10:56:28,388 INFO o.a.j.t.JMeterThread: Thread is done: Response time 1-8
2025-12-09 10:56:28,388 INFO o.a.j.t.JMeterThread: Thread finished: Response time 1-8
2025-12-09 10:56:28,489 INFO o.a.j.t.JMeterThread: Thread is done: Response time 1-9
2025-12-09 10:56:28,489 INFO o.a.j.t.JMeterThread: Thread finished: Response time 1-9
2025-12-09 10:56:28,606 INFO o.a.j.t.JMeterThread: Thread is done: Response time 1-10
2025-12-09 10:56:28,606 INFO o.a.j.t.JMeterThread: Thread finished: Response time 1-10
2025-12-09 10:56:30,181 INFO o.a.j.r.Summariser: summary +     81 in 00:00:05 =   15.1/s Avg:   848 Min:     2 Max:  1518 Err:     0 (0.00%) Active: 70 Started: 80 Finished: 10
2025-12-09 10:56:35,853 INFO o.a.j.t.JMeterThread: Thread started: Scalability 3-51
2025-12-09 10:56:35,953 INFO o.a.j.t.JMeterThread: Thread started: Scalability 3-52
2025-12-09 10:56:36,053 INFO o.a.j.t.JMeterThread: Thread started: Scalability 3-53
2025-12-09 10:56:36,153 INFO o.a.j.t.JMeterThread: Thread started: Scalability 3-54
2025-12-09 10:56:36,252 INFO o.a.j.t.JMeterThread: Thread started: Scalability 3-55
2025-12-09 10:56:36,353 INFO o.a.j.t.JMeterThread: Thread started: Scalability 3-56
2025-12-09 10:56:36,452 INFO o.a.j.t.JMeterThread: Thread started: Scalability 3-57
2025-12-09 10:56:36,553 INFO o.a.j.t.JMeterThread: Thread started: Scalability 3-58
2025-12-09 10:56:36,653 INFO o.a.j.t.JMeterThread: Thread started: Scalability 3-59
2025-12-09 10:56:36,753 INFO o.a.j.t.JMeterThread: Thread started: Scalability 3-60
2025-12-09 10:56:46,853 INFO o.a.j.t.JMeterThread: Thread started: Scalability 3-61
2025-12-09 10:56:46,952 INFO o.a.j.t.JMeterThread: Thread started: Scalability 3-62
2025-12-09 10:56:47,053 INFO o.a.j.t.JMeterThread: Thread started: Scalability 3-63
2025-12-09 10:56:47,153 INFO o.a.j.t.JMeterThread: Thread started: Scalability 3-64
2025-12-09 10:56:47,252 INFO o.a.j.t.JMeterThread: Thread started: Scalability 3-65
2025-12-09 10:56:47,353 INFO o.a.j.t.JMeterThread: Thread started: Scalability 3-66
2025-12-09 10:56:47,452 INFO o.a.j.t.JMeterThread: Thread started: Scalability 3-67
2025-12-09 10:56:47,553 INFO o.a.j.t.JMeterThread: Thread started: Scalability 3-68
2025-12-09 10:56:47,653 INFO o.a.j.t.JMeterThread: Thread started: Scalability 3-69
2025-12-09 10:56:47,753 INFO o.a.j.t.JMeterThread: Thread started: Scalability 3-70
2025-12-09 10:56:57,853 INFO o.a.j.t.JMeterThread: Thread started: Scalability 3-71
2025-12-09 10:56:57,952 INFO o.a.j.t.JMeterThread: Thread started: Scalability 3-72
2025-12-09 10:56:58,052 INFO o.a.j.t.JMeterThread: Thread started: Scalability 3-73
2025-12-09 10:56:58,152 INFO o.a.j.t.JMeterThread: Thread started: Scalability 3-74
2025-12-09 10:56:58,253 INFO o.a.j.t.JMeterThread: Thread started: Scalability 3-75
2025-12-09 10:56:58,353 INFO o.a.j.t.JMeterThread: Thread started: Scalability 3-76
2025-12-09 10:56:58,452 INFO o.a.j.t.JMeterThread: Thread started: Scalability 3-77
2025-12-09 10:56:58,552 INFO o.a.j.t.JMeterThread: Thread started: Scalability 3-78
2025-12-09 10:56:58,652 INFO o.a.j.t.JMeterThread: Thread started: Scalability 3-79
2025-12-09 10:56:58,752 INFO o.a.j.t.JMeterThread: Thread started: Scalability 3-80
2025-12-09 10:57:00,012 INFO o.a.j.r.Summariser: summary +   1223 in 00:00:30 =   41.0/s Avg:     1 Min:     0 Max:    40 Err:     0 (0.00%) Active: 100 Started: 110 Finished: 10
2025-12-09 10:57:00,012 INFO o.a.j.r.Summariser: summary =   1304 in 00:00:35 =   37.1/s Avg:    54 Min:     0 Max:  1518 Err:     0 (0.00%)
2025-12-09 10:57:08,852 INFO o.a.j.t.JMeterThread: Thread started: Scalability 3-81
2025-12-09 10:57:08,952 INFO o.a.j.t.JMeterThread: Thread started: Scalability 3-82
2025-12-09 10:57:09,052 INFO o.a.j.t.JMeterThread: Thread started: Scalability 3-83
2025-12-09 10:57:09,152 INFO o.a.j.t.JMeterThread: Thread started: Scalability 3-84
2025-12-09 10:57:09,252 INFO o.a.j.t.JMeterThread: Thread started: Scalability 3-85
2025-12-09 10:57:09,353 INFO o.a.j.t.JMeterThread: Thread started: Scalability 3-86
2025-12-09 10:57:09,452 INFO o.a.j.t.JMeterThread: Thread started: Scalability 3-87
2025-12-09 10:57:09,552 INFO o.a.j.t.JMeterThread: Thread started: Scalability 3-88
2025-12-09 10:57:09,652 INFO o.a.j.t.JMeterThread: Thread started: Scalability 3-89
2025-12-09 10:57:09,752 INFO o.a.j.t.JMeterThread: Thread started: Scalability 3-90
2025-12-09 10:57:19,852 INFO o.a.j.t.JMeterThread: Thread started: Scalability 3-91
2025-12-09 10:57:19,953 INFO o.a.j.t.JMeterThread: Thread started: Scalability 3-92
2025-12-09 10:57:20,052 INFO o.a.j.t.JMeterThread: Thread started: Scalability 3-93
2025-12-09 10:57:20,152 INFO o.a.j.t.JMeterThread: Thread started: Scalability 3-94
2025-12-09 10:57:20,253 INFO o.a.j.t.JMeterThread: Thread started: Scalability 3-95
2025-12-09 10:57:20,353 INFO o.a.j.t.JMeterThread: Thread started: Scalability 3-96
2025-12-09 10:57:20,453 INFO o.a.j.t.JMeterThread: Thread started: Scalability 3-97
2025-12-09 10:57:20,552 INFO o.a.j.t.JMeterThread: Thread started: Scalability 3-98
2025-12-09 10:57:20,652 INFO o.a.j.t.JMeterThread: Thread started: Scalability 3-99
2025-12-09 10:57:20,752 INFO o.a.j.t.JMeterThread: Thread started: Scalability 3-100
2025-12-09 10:57:30,013 INFO o.a.j.r.Summariser: summary +   1641 in 00:00:30 =   54.7/s Avg:     1 Min:     0 Max:    41 Err:     0 (0.00%) Active: 120 Started: 130 Finished: 10
2025-12-09 10:57:30,013 INFO o.a.j.r.Summariser: summary =   2945 in 00:01:05 =   45.2/s Avg:    24 Min:     0 Max:  1518 Err:     0 (0.00%)
2025-12-09 10:57:48,913 INFO o.a.j.t.JMeterThread: Thread finished: Scalability 3-81
2025-12-09 10:57:48,954 INFO o.a.j.t.JMeterThread: Thread finished: Scalability 3-61
2025-12-09 10:57:49,024 INFO o.a.j.t.JMeterThread: Thread finished: Scalability 3-82
2025-12-09 10:57:49,042 INFO o.a.j.t.JMeterThread: Thread finished: Scalability 3-62
2025-12-09 10:57:49,117 INFO o.a.j.t.JMeterThread: Thread finished: Scalability 3-83
2025-12-09 10:57:49,144 INFO o.a.j.t.JMeterThread: Thread finished: Scalability 3-63
2025-12-09 10:57:49,223 INFO o.a.j.t.JMeterThread: Thread finished: Scalability 3-84
2025-12-09 10:57:49,231 INFO o.a.j.t.JMeterThread: Thread finished: Scalability 3-64
2025-12-09 10:57:49,322 INFO o.a.j.t.JMeterThread: Thread finished: Scalability 3-85
2025-12-09 10:57:49,332 INFO o.a.j.t.JMeterThread: Thread finished: Scalability 3-65
2025-12-09 10:57:49,425 INFO o.a.j.t.JMeterThread: Thread finished: Scalability 3-86
2025-12-09 10:57:49,451 INFO o.a.j.t.JMeterThread: Thread finished: Scalability 3-66
2025-12-09 10:57:49,525 INFO o.a.j.t.JMeterThread: Thread finished: Scalability 3-87
2025-12-09 10:57:49,526 INFO o.a.j.t.JMeterThread: Thread finished: Scalability 3-67
2025-12-09 10:57:49,626 INFO o.a.j.t.JMeterThread: Thread finished: Scalability 3-88
2025-12-09 10:57:49,641 INFO o.a.j.t.JMeterThread: Thread finished: Scalability 3-68
2025-12-09 10:57:49,727 INFO o.a.j.t.JMeterThread: Thread finished: Scalability 3-89
2025-12-09 10:57:49,737 INFO o.a.j.t.JMeterThread: Thread finished: Scalability 3-69
2025-12-09 10:57:49,821 INFO o.a.j.t.JMeterThread: Thread finished: Scalability 3-90
2025-12-09 10:57:49,842 INFO o.a.j.t.JMeterThread: Thread finished: Scalability 3-70
2025-12-09 10:57:49,917 INFO o.a.j.t.JMeterThread: Thread finished: Scalability 3-91
2025-12-09 10:57:49,935 INFO o.a.j.t.JMeterThread: Thread finished: Scalability 3-71
2025-12-09 10:57:49,954 INFO o.a.j.t.JMeterThread: Thread finished: Scalability 3-51
2025-12-09 10:57:49,995 INFO o.a.j.t.JMeterThread: Thread finished: Scalability 3-92
2025-12-09 10:57:50,030 INFO o.a.j.t.JMeterThread: Thread finished: Scalability 3-72
2025-12-09 10:57:50,065 INFO o.a.j.t.JMeterThread: Thread finished: Scalability 3-52
2025-12-09 10:57:50,115 INFO o.a.j.t.JMeterThread: Thread finished: Scalability 3-93
2025-12-09 10:57:50,135 INFO o.a.j.t.JMeterThread: Thread finished: Scalability 3-73
2025-12-09 10:57:50,159 INFO o.a.j.t.JMeterThread: Thread finished: Scalability 3-53
2025-12-09 10:57:50,210 INFO o.a.j.t.JMeterThread: Thread finished: Scalability 3-94
2025-12-09 10:57:50,231 INFO o.a.j.t.JMeterThread: Thread finished: Scalability 3-74
2025-12-09 10:57:50,254 INFO o.a.j.t.JMeterThread: Thread finished: Scalability 3-12
2025-12-09 10:57:50,254 INFO o.a.j.t.JMeterThread: Thread finished: Scalability 3-25
2025-12-09 10:57:50,254 INFO o.a.j.t.JMeterThread: Thread finished: Scalability 3-4
2025-12-09 10:57:50,256 INFO o.a.j.t.JMeterThread: Thread finished: Scalability 3-16
2025-12-09 10:57:50,257 INFO o.a.j.t.JMeterThread: Thread finished: Scalability 3-54
2025-12-09 10:57:50,261 INFO o.a.j.t.JMeterThread: Thread finished: Scalability 3-5
2025-12-09 10:57:50,262 INFO o.a.j.t.JMeterThread: Thread finished: Scalability 3-18
2025-12-09 10:57:50,262 INFO o.a.j.t.JMeterThread: Thread finished: Scalability 3-17
2025-12-09 10:57:50,265 INFO o.a.j.t.JMeterThread: Thread finished: Scalability 3-15
2025-12-09 10:57:50,267 INFO o.a.j.t.JMeterThread: Thread finished: Scalability 3-3
2025-12-09 10:57:50,269 INFO o.a.j.t.JMeterThread: Thread finished: Scalability 3-19
2025-12-09 10:57:50,269 INFO o.a.j.t.JMeterThread: Thread finished: Scalability 3-7
2025-12-09 10:57:50,270 INFO o.a.j.t.JMeterThread: Thread finished: Scalability 3-21
2025-12-09 10:57:50,270 INFO o.a.j.t.JMeterThread: Thread finished: Scalability 3-6
2025-12-09 10:57:50,270 INFO o.a.j.t.JMeterThread: Thread finished: Scalability 3-2
2025-12-09 10:57:50,272 INFO o.a.j.t.JMeterThread: Thread finished: Scalability 3-24
2025-12-09 10:57:50,272 INFO o.a.j.t.JMeterThread: Thread finished: Scalability 3-20
2025-12-09 10:57:50,276 INFO o.a.j.t.JMeterThread: Thread finished: Scalability 3-11
2025-12-09 10:57:50,276 INFO o.a.j.t.JMeterThread: Thread finished: Scalability 3-1
2025-12-09 10:57:50,277 INFO o.a.j.t.JMeterThread: Thread finished: Scalability 3-8
2025-12-09 10:57:50,279 INFO o.a.j.t.JMeterThread: Thread finished: Scalability 3-13
2025-12-09 10:57:50,279 INFO o.a.j.t.JMeterThread: Thread finished: Scalability 3-14
2025-12-09 10:57:50,279 INFO o.a.j.t.JMeterThread: Thread finished: Scalability 3-22
2025-12-09 10:57:50,280 INFO o.a.j.t.JMeterThread: Thread finished: Scalability 3-23
2025-12-09 10:57:50,281 INFO o.a.j.t.JMeterThread: Thread finished: Scalability 3-9
2025-12-09 10:57:50,298 INFO o.a.j.t.JMeterThread: Thread finished: Scalability 3-95
2025-12-09 10:57:50,306 INFO o.a.j.t.JMeterThread: Thread finished: Scalability 3-27
2025-12-09 10:57:50,328 INFO o.a.j.t.JMeterThread: Thread finished: Scalability 3-75
2025-12-09 10:57:50,344 INFO o.a.j.t.JMeterThread: Thread finished: Scalability 3-26
2025-12-09 10:57:50,345 INFO o.a.j.t.JMeterThread: Thread finished: Scalability 3-55
2025-12-09 10:57:50,345 INFO o.a.j.t.JMeterThread: Thread finished: Scalability 3-28
2025-12-09 10:57:50,363 INFO o.a.j.t.JMeterThread: Thread finished: Scalability 3-30
2025-12-09 10:57:50,375 INFO o.a.j.t.JMeterThread: Thread finished: Scalability 3-29
2025-12-09 10:57:50,405 INFO o.a.j.t.JMeterThread: Thread finished: Scalability 3-96
2025-12-09 10:57:50,409 INFO o.a.j.t.JMeterThread: Thread finished: Scalability 3-32
2025-12-09 10:57:50,424 INFO o.a.j.t.JMeterThread: Thread finished: Scalability 3-76
2025-12-09 10:57:50,425 INFO o.a.j.t.JMeterThread: Thread finished: Scalability 3-33
2025-12-09 10:57:50,430 INFO o.a.j.t.JMeterThread: Thread finished: Scalability 3-34
2025-12-09 10:57:50,447 INFO o.a.j.t.JMeterThread: Thread finished: Scalability 3-56
2025-12-09 10:57:50,453 INFO o.a.j.t.JMeterThread: Thread finished: Scalability 3-35
2025-12-09 10:57:50,486 INFO o.a.j.t.JMeterThread: Thread finished: Scalability 3-36
2025-12-09 10:57:50,506 INFO o.a.j.t.JMeterThread: Thread finished: Scalability 3-37
2025-12-09 10:57:50,509 INFO o.a.j.t.JMeterThread: Thread finished: Scalability 3-97
2025-12-09 10:57:50,511 INFO o.a.j.t.JMeterThread: Thread finished: Scalability 3-38
2025-12-09 10:57:50,524 INFO o.a.j.t.JMeterThread: Thread finished: Scalability 3-77
2025-12-09 10:57:50,558 INFO o.a.j.t.JMeterThread: Thread finished: Scalability 3-39
2025-12-09 10:57:50,558 INFO o.a.j.t.JMeterThread: Thread finished: Scalability 3-57
2025-12-09 10:57:50,559 INFO o.a.j.t.JMeterThread: Thread finished: Scalability 3-40
2025-12-09 10:57:50,595 INFO o.a.j.t.JMeterThread: Thread finished: Scalability 3-41
2025-12-09 10:57:50,621 INFO o.a.j.t.JMeterThread: Thread finished: Scalability 3-42
2025-12-09 10:57:50,621 INFO o.a.j.t.JMeterThread: Thread finished: Scalability 3-44
2025-12-09 10:57:50,621 INFO o.a.j.t.JMeterThread: Thread finished: Scalability 3-98
2025-12-09 10:57:50,621 INFO o.a.j.t.JMeterThread: Thread finished: Scalability 3-43
2025-12-09 10:57:50,623 INFO o.a.j.t.JMeterThread: Thread finished: Scalability 3-78
2025-12-09 10:57:50,625 INFO o.a.j.t.JMeterThread: Thread finished: Scalability 3-10
2025-12-09 10:57:50,632 INFO o.a.j.t.JMeterThread: Thread finished: Scalability 3-45
2025-12-09 10:57:50,646 INFO o.a.j.t.JMeterThread: Thread finished: Scalability 3-58
2025-12-09 10:57:50,649 INFO o.a.j.t.JMeterThread: Thread finished: Scalability 3-46
2025-12-09 10:57:50,663 INFO o.a.j.t.JMeterThread: Thread finished: Scalability 3-48
2025-12-09 10:57:50,663 INFO o.a.j.t.JMeterThread: Thread finished: Scalability 3-47
2025-12-09 10:57:50,687 INFO o.a.j.t.JMeterThread: Thread finished: Scalability 3-50
2025-12-09 10:57:50,687 INFO o.a.j.t.JMeterThread: Thread finished: Scalability 3-31
2025-12-09 10:57:50,687 INFO o.a.j.t.JMeterThread: Thread finished: Scalability 3-49
2025-12-09 10:57:50,709 INFO o.a.j.t.JMeterThread: Thread finished: Scalability 3-99
2025-12-09 10:57:50,729 INFO o.a.j.t.JMeterThread: Thread finished: Scalability 3-79
2025-12-09 10:57:50,744 INFO o.a.j.t.JMeterThread: Thread finished: Scalability 3-59
2025-12-09 10:57:50,804 INFO o.a.j.t.JMeterThread: Thread finished: Scalability 3-100
2025-12-09 10:57:50,839 INFO o.a.j.t.JMeterThread: Thread finished: Scalability 3-80
2025-12-09 10:57:50,853 INFO o.a.j.t.JMeterThread: Stopping because end time detected by thread: Scalability 3-60
2025-12-09 10:57:50,853 INFO o.a.j.t.JMeterThread: Thread finished: Scalability 3-60
2025-12-09 10:58:00,269 INFO o.a.j.r.Summariser: summary +   1376 in 00:00:30 =   45.5/s Avg:     0 Min:     0 Max:     2 Err:     0 (0.00%) Active: 20 Started: 130 Finished: 110
2025-12-09 10:58:00,270 INFO o.a.j.r.Summariser: summary =   4321 in 00:01:35 =   45.3/s Avg:    17 Min:     0 Max:  1518 Err:     0 (0.00%)
2025-12-09 10:58:30,299 INFO o.a.j.r.Summariser: summary +    300 in 00:00:30 =   10.0/s Avg:     0 Min:     0 Max:     2 Err:     0 (0.00%) Active: 20 Started: 130 Finished: 110
2025-12-09 10:58:30,300 INFO o.a.j.r.Summariser: summary =   4621 in 00:02:05 =   36.8/s Avg:    16 Min:     0 Max:  1518 Err:     0 (0.00%)
2025-12-09 10:59:00,330 INFO o.a.j.r.Summariser: summary +    300 in 00:00:30 =   10.0/s Avg:     0 Min:     0 Max:     2 Err:     0 (0.00%) Active: 20 Started: 130 Finished: 110
2025-12-09 10:59:00,331 INFO o.a.j.r.Summariser: summary =   4921 in 00:02:36 =   31.6/s Avg:    15 Min:     0 Max:  1518 Err:     0 (0.00%)
2025-12-09 10:59:30,356 INFO o.a.j.r.Summariser: summary +    300 in 00:00:30 =   10.0/s Avg:     0 Min:     0 Max:     2 Err:     0 (0.00%) Active: 20 Started: 130 Finished: 110
2025-12-09 10:59:30,356 INFO o.a.j.r.Summariser: summary =   5221 in 00:03:06 =   28.1/s Avg:    14 Min:     0 Max:  1518 Err:     0 (0.00%)
2025-12-09 11:00:00,385 INFO o.a.j.r.Summariser: summary +    300 in 00:00:30 =   10.0/s Avg:     0 Min:     0 Max:     2 Err:     0 (0.00%) Active: 20 Started: 130 Finished: 110
2025-12-09 11:00:00,385 INFO o.a.j.r.Summariser: summary =   5521 in 00:03:36 =   25.6/s Avg:    13 Min:     0 Max:  1518 Err:     0 (0.00%)
2025-12-09 11:00:30,407 INFO o.a.j.r.Summariser: summary +    300 in 00:00:30 =   10.0/s Avg:     0 Min:     0 Max:     3 Err:     0 (0.00%) Active: 20 Started: 130 Finished: 110
2025-12-09 11:00:30,407 INFO o.a.j.r.Summariser: summary =   5821 in 00:04:06 =   23.7/s Avg:    12 Min:     0 Max:  1518 Err:     0 (0.00%)
2025-12-09 11:01:00,430 INFO o.a.j.r.Summariser: summary +    300 in 00:00:30 =   10.0/s Avg:     0 Min:     0 Max:     2 Err:     0 (0.00%) Active: 20 Started: 130 Finished: 110
2025-12-09 11:01:00,431 INFO o.a.j.r.Summariser: summary =   6121 in 00:04:36 =   22.2/s Avg:    12 Min:     0 Max:  1518 Err:     0 (0.00%)
2025-12-09 11:01:30,452 INFO o.a.j.r.Summariser: summary +    300 in 00:00:30 =   10.0/s Avg:     0 Min:     0 Max:     2 Err:     0 (0.00%) Active: 20 Started: 130 Finished: 110
2025-12-09 11:01:30,453 INFO o.a.j.r.Summariser: summary =   6421 in 00:05:06 =   21.0/s Avg:    11 Min:     0 Max:  1518 Err:     0 (0.00%)
2025-12-09 11:02:00,482 INFO o.a.j.r.Summariser: summary +    300 in 00:00:30 =   10.0/s Avg:     0 Min:     0 Max:     2 Err:     0 (0.00%) Active: 20 Started: 130 Finished: 110
2025-12-09 11:02:00,482 INFO o.a.j.r.Summariser: summary =   6721 in 00:05:36 =   20.0/s Avg:    11 Min:     0 Max:  1518 Err:     0 (0.00%)
2025-12-09 11:02:30,506 INFO o.a.j.r.Summariser: summary +    300 in 00:00:30 =   10.0/s Avg:     0 Min:     0 Max:     2 Err:     0 (0.00%) Active: 20 Started: 130 Finished: 110
2025-12-09 11:02:30,507 INFO o.a.j.r.Summariser: summary =   7021 in 00:06:06 =   19.2/s Avg:    10 Min:     0 Max:  1518 Err:     0 (0.00%)
2025-12-09 11:03:00,530 INFO o.a.j.r.Summariser: summary +    300 in 00:00:30 =   10.0/s Avg:     0 Min:     0 Max:     2 Err:     0 (0.00%) Active: 20 Started: 130 Finished: 110
2025-12-09 11:03:00,530 INFO o.a.j.r.Summariser: summary =   7321 in 00:06:36 =   18.5/s Avg:    10 Min:     0 Max:  1518 Err:     0 (0.00%)
2025-12-09 11:03:30,552 INFO o.a.j.r.Summariser: summary +    300 in 00:00:30 =   10.0/s Avg:     0 Min:     0 Max:     3 Err:     0 (0.00%) Active: 20 Started: 130 Finished: 110
2025-12-09 11:03:30,553 INFO o.a.j.r.Summariser: summary =   7621 in 00:07:06 =   17.9/s Avg:    10 Min:     0 Max:  1518 Err:     0 (0.00%)
2025-12-09 11:04:00,579 INFO o.a.j.r.Summariser: summary +    300 in 00:00:30 =   10.0/s Avg:     0 Min:     0 Max:    22 Err:     0 (0.00%) Active: 20 Started: 130 Finished: 110
2025-12-09 11:04:00,580 INFO o.a.j.r.Summariser: summary =   7921 in 00:07:36 =   17.4/s Avg:     9 Min:     0 Max:  1518 Err:     0 (0.00%)
2025-12-09 11:04:30,603 INFO o.a.j.r.Summariser: summary +    300 in 00:00:30 =   10.0/s Avg:     0 Min:     0 Max:     2 Err:     0 (0.00%) Active: 20 Started: 130 Finished: 110
2025-12-09 11:04:30,604 INFO o.a.j.r.Summariser: summary =   8221 in 00:08:06 =   16.9/s Avg:     9 Min:     0 Max:  1518 Err:     0 (0.00%)
2025-12-09 11:05:00,626 INFO o.a.j.r.Summariser: summary +    300 in 00:00:30 =   10.0/s Avg:     0 Min:     0 Max:     2 Err:     0 (0.00%) Active: 20 Started: 130 Finished: 110
2025-12-09 11:05:00,627 INFO o.a.j.r.Summariser: summary =   8521 in 00:08:36 =   16.5/s Avg:     9 Min:     0 Max:  1518 Err:     0 (0.00%)
2025-12-09 11:05:30,649 INFO o.a.j.r.Summariser: summary +    300 in 00:00:30 =   10.0/s Avg:     0 Min:     0 Max:     2 Err:     0 (0.00%) Active: 20 Started: 130 Finished: 110
2025-12-09 11:05:30,650 INFO o.a.j.r.Summariser: summary =   8821 in 00:09:06 =   16.2/s Avg:     8 Min:     0 Max:  1518 Err:     0 (0.00%)
2025-12-09 11:06:00,670 INFO o.a.j.r.Summariser: summary +    300 in 00:00:30 =   10.0/s Avg:     0 Min:     0 Max:     2 Err:     0 (0.00%) Active: 20 Started: 130 Finished: 110
2025-12-09 11:06:00,671 INFO o.a.j.r.Summariser: summary =   9121 in 00:09:36 =   15.8/s Avg:     8 Min:     0 Max:  1518 Err:     0 (0.00%)
2025-12-09 11:06:22,876 INFO o.a.j.t.JMeterThread: Thread finished: Throughput 2-14
2025-12-09 11:06:22,880 INFO o.a.j.t.JMeterThread: Thread finished: Throughput 2-15
2025-12-09 11:06:22,970 INFO o.a.j.t.JMeterThread: Thread finished: Throughput 2-16
2025-12-09 11:06:23,033 INFO o.a.j.t.JMeterThread: Thread finished: Throughput 2-17
2025-12-09 11:06:23,042 INFO o.a.j.t.JMeterThread: Thread finished: Throughput 2-19
2025-12-09 11:06:23,044 INFO o.a.j.t.JMeterThread: Thread finished: Throughput 2-18
2025-12-09 11:06:24,688 INFO o.a.j.t.JMeterThread: Thread finished: Throughput 2-4
2025-12-09 11:06:24,688 INFO o.a.j.t.JMeterThread: Thread finished: Throughput 2-5
2025-12-09 11:06:24,691 INFO o.a.j.t.JMeterThread: Thread finished: Throughput 2-8
2025-12-09 11:06:24,691 INFO o.a.j.t.JMeterThread: Thread finished: Throughput 2-3
2025-12-09 11:06:24,691 INFO o.a.j.t.JMeterThread: Thread finished: Throughput 2-20
2025-12-09 11:06:24,691 INFO o.a.j.t.JMeterThread: Thread finished: Throughput 2-11
2025-12-09 11:06:24,693 INFO o.a.j.t.JMeterThread: Thread finished: Throughput 2-7
2025-12-09 11:06:24,693 INFO o.a.j.t.JMeterThread: Thread finished: Throughput 2-9
2025-12-09 11:06:24,694 INFO o.a.j.t.JMeterThread: Thread finished: Throughput 2-10
2025-12-09 11:06:24,695 INFO o.a.j.t.JMeterThread: Thread finished: Throughput 2-12
2025-12-09 11:06:24,696 INFO o.a.j.t.JMeterThread: Thread finished: Throughput 2-1
2025-12-09 11:06:24,696 INFO o.a.j.t.JMeterThread: Thread finished: Throughput 2-2
2025-12-09 11:06:24,697 INFO o.a.j.t.JMeterThread: Thread finished: Throughput 2-6
2025-12-09 11:06:24,832 INFO o.a.j.t.JMeterThread: Thread finished: Throughput 2-13
2025-12-09 11:06:24,832 INFO o.a.j.e.StandardJMeterEngine: Notifying test listeners of end of test
2025-12-09 11:06:24,855 INFO o.a.j.r.Summariser: summary +    253 in 00:00:24 =   10.5/s Avg:     0 Min:     0 Max:     2 Err:     0 (0.00%) Active: 0 Started: 130 Finished: 130
2025-12-09 11:06:24,855 INFO o.a.j.r.Summariser: summary =   9374 in 00:10:00 =   15.6/s Avg:     8 Min:     0 Max:  1518 Err:     0 (0.00%)
2025-12-09 11:06:24,856 INFO o.a.j.JMeter: Generating Dashboard
2025-12-09 11:06:24,856 INFO o.a.j.r.d.ReportGenerator: Flushing result collector before report Generation
2025-12-09 11:06:24,871 INFO o.a.j.r.p.NormalizerSampleConsumer: Using format, 'ms', to parse timeStamp field
2025-12-09 11:06:25,223 INFO o.a.j.r.p.AbstractSampleConsumer: class org.apache.jmeter.report.processor.AggregateConsumer#stopProducing(): beginDate produced 0 samples
2025-12-09 11:06:25,223 INFO o.a.j.r.p.AbstractSampleConsumer: class org.apache.jmeter.report.processor.AggregateConsumer#stopProducing(): endDate produced 0 samples
2025-12-09 11:06:25,226 INFO o.a.j.r.p.AbstractSampleConsumer: class org.apache.jmeter.report.processor.ApdexSummaryConsumer#stopProducing(): apdexSummary produced 0 samples
2025-12-09 11:06:25,226 INFO o.a.j.r.p.AbstractSampleConsumer: class org.apache.jmeter.report.processor.RequestsSummaryConsumer#stopProducing(): requestsSummary produced 0 samples
2025-12-09 11:06:25,246 INFO o.a.j.r.p.AbstractSampleConsumer: class org.apache.jmeter.report.processor.StatisticsSummaryConsumer#stopProducing(): statisticsSummary produced 0 samples
2025-12-09 11:06:25,247 INFO o.a.j.r.p.AbstractSampleConsumer: class org.apache.jmeter.report.processor.Top5ErrorsBySamplerConsumer#stopProducing(): top5ErrorsBySampler produced 0 samples
2025-12-09 11:06:25,248 INFO o.a.j.r.p.AbstractSampleConsumer: class org.apache.jmeter.report.processor.ErrorsSummaryConsumer#stopProducing(): errorsSummary produced 0 samples
2025-12-09 11:06:25,248 INFO o.a.j.r.p.AbstractSampleConsumer: class org.apache.jmeter.report.processor.graph.impl.HitsPerSecondGraphConsumer#stopProducing(): hitsPerSecond produced 0 samples
2025-12-09 11:06:25,365 INFO o.a.j.r.p.AbstractSampleConsumer: class org.apache.jmeter.report.processor.graph.impl.LatencyVSRequestGraphConsumer#stopProducing(): latencyVsRequest produced 0 samples
2025-12-09 11:06:25,367 INFO o.a.j.r.p.AbstractSampleConsumer: class org.apache.jmeter.report.processor.graph.impl.SyntheticResponseTimeDistributionGraphConsumer#stopProducing(): syntheticResponseTimeDistribution produced 0 samples
2025-12-09 11:06:25,368 INFO o.a.j.r.p.AbstractSampleConsumer: class org.apache.jmeter.report.processor.graph.impl.BytesThroughputGraphConsumer#stopProducing(): bytesThroughputOverTime produced 0 samples
2025-12-09 11:06:25,368 INFO o.a.j.r.p.AbstractSampleConsumer: class org.apache.jmeter.report.processor.graph.impl.CodesPerSecondGraphConsumer#stopProducing(): codesPerSecond produced 0 samples
2025-12-09 11:06:25,427 INFO o.a.j.r.p.AbstractSampleConsumer: class org.apache.jmeter.report.processor.graph.impl.ResponseTimeVSRequestGraphConsumer#stopProducing(): responseTimeVsRequest produced 0 samples
2025-12-09 11:06:25,428 INFO o.a.j.r.p.AbstractSampleConsumer: class org.apache.jmeter.report.processor.FilterConsumer#stopProducing(): startIntervalControlerFilter produced 65618 samples
2025-12-09 11:06:25,428 INFO o.a.j.r.p.AbstractSampleConsumer: class org.apache.jmeter.report.processor.graph.impl.TotalTPSGraphConsumer#stopProducing(): totalTPS produced 0 samples
2025-12-09 11:06:25,428 INFO o.a.j.r.p.AbstractSampleConsumer: class org.apache.jmeter.report.processor.graph.impl.ActiveThreadsGraphConsumer#stopProducing(): activeThreadsOverTime produced 0 samples
2025-12-09 11:06:25,428 INFO o.a.j.r.p.AbstractSampleConsumer: class org.apache.jmeter.report.processor.graph.impl.TimeVSThreadGraphConsumer#stopProducing(): timeVsThreads produced 0 samples
2025-12-09 11:06:25,428 INFO o.a.j.r.p.AbstractSampleConsumer: class org.apache.jmeter.report.processor.graph.impl.ResponseTimeDistributionGraphConsumer#stopProducing(): responseTimeDistribution produced 0 samples
2025-12-09 11:06:25,428 INFO o.a.j.r.p.AbstractSampleConsumer: class org.apache.jmeter.report.processor.graph.impl.TransactionsPerSecondGraphConsumer#stopProducing(): transactionsPerSecond produced 0 samples
2025-12-09 11:06:25,429 INFO o.a.j.r.p.AbstractSampleConsumer: class org.apache.jmeter.report.processor.graph.impl.ResponseTimePercentilesGraphConsumer#stopProducing(): responseTimePercentiles produced 0 samples
2025-12-09 11:06:25,430 INFO o.a.j.r.p.AbstractSampleConsumer: class org.apache.jmeter.report.processor.graph.impl.ResponseTimePercentilesOverTimeGraphConsumer#stopProducing(): responseTimePercentilesOverTime produced 0 samples
2025-12-09 11:06:25,432 INFO o.a.j.r.p.AbstractSampleConsumer: class org.apache.jmeter.report.processor.graph.impl.ResponseTimeOverTimeGraphConsumer#stopProducing(): responseTimesOverTime produced 0 samples
2025-12-09 11:06:25,432 INFO o.a.j.r.p.AbstractSampleConsumer: class org.apache.jmeter.report.processor.graph.impl.ConnectTimeOverTimeGraphConsumer#stopProducing(): connectTimeOverTime produced 0 samples
2025-12-09 11:06:25,432 INFO o.a.j.r.p.AbstractSampleConsumer: class org.apache.jmeter.report.processor.graph.impl.LatencyOverTimeGraphConsumer#stopProducing(): latenciesOverTime produced 0 samples
2025-12-09 11:06:25,432 INFO o.a.j.r.p.AbstractSampleConsumer: class org.apache.jmeter.report.processor.FilterConsumer#stopProducing(): nameFilter produced 140610 samples
2025-12-09 11:06:25,432 INFO o.a.j.r.p.AbstractSampleConsumer: class org.apache.jmeter.report.processor.FilterConsumer#stopProducing(): dateRangeFilter produced 28122 samples
2025-12-09 11:06:25,432 INFO o.a.j.r.p.AbstractSampleConsumer: class org.apache.jmeter.report.processor.NormalizerSampleConsumer#stopProducing(): normalizer produced 9374 samples
2025-12-09 11:06:25,433 INFO o.a.j.r.p.CsvFileSampleSource: produce(): 9374 samples produced in 531ms on channel 0
2025-12-09 11:06:25,433 INFO o.a.j.r.d.ReportGenerator: Exporting data using exporter:'json' of className:'org.apache.jmeter.report.dashboard.JsonExporter'
2025-12-09 11:06:25,519 INFO o.a.j.r.d.JsonExporter: Found data for consumer statisticsSummary in context
2025-12-09 11:06:25,519 INFO o.a.j.r.d.JsonExporter: Creating statistics for overall
2025-12-09 11:06:25,519 INFO o.a.j.r.d.JsonExporter: Creating statistics for other transactions
2025-12-09 11:06:25,520 INFO o.a.j.r.d.JsonExporter: Checking output folder
2025-12-09 11:06:25,520 INFO o.a.j.r.d.JsonExporter: Writing statistics JSON to C:\Users\Administrator\Desktop\JMeter\Jmeter Project\Question 2\report\statistics.json
2025-12-09 11:06:25,566 INFO o.a.j.r.d.ReportGenerator: Exporting data using exporter:'html' of className:'org.apache.jmeter.report.dashboard.HtmlTemplateExporter'
2025-12-09 11:06:25,570 INFO o.a.j.r.d.HtmlTemplateExporter: Will generate dashboard in folder: C:\Users\Administrator\Desktop\JMeter\Jmeter Project\Question 2\report
2025-12-09 11:06:25,732 INFO o.a.j.r.d.HtmlTemplateExporter: Report will be generated in: C:\Users\Administrator\Desktop\JMeter\Jmeter Project\Question 2\report, creating folder structure
2025-12-09 11:06:25,735 INFO o.a.j.r.d.TemplateVisitor: Copying folder from 'C:\apache-jmeter-5.6.3\bin\report-template' to 'C:\Users\Administrator\Desktop\JMeter\Jmeter Project\Question 2\report', got message: C:\Users\Administrator\Desktop\JMeter\Jmeter Project\Question 2\report, found non empty folder with following content [C:\Users\Administrator\Desktop\JMeter\Jmeter Project\Question 2\report\statistics.json], will be ignored
2025-12-09 11:06:26,134 INFO o.a.j.JMeter: Dashboard generated
